c:\users\usuario\desktop\pg20gabriel_advoop_a3\arcadegame\obj\debug\vc142.pdb
c:\users\usuario\desktop\pg20gabriel_advoop_a3\arcadegame\obj\debug\vc142.idb
c:\users\usuario\desktop\pg20gabriel_advoop_a3\arcadegame\obj\debug\world.obj
c:\users\usuario\desktop\pg20gabriel_advoop_a3\arcadegame\obj\debug\transformcomponent.obj
c:\users\usuario\desktop\pg20gabriel_advoop_a3\arcadegame\obj\debug\ship.obj
c:\users\usuario\desktop\pg20gabriel_advoop_a3\arcadegame\obj\debug\main.obj
c:\users\usuario\desktop\pg20gabriel_advoop_a3\arcadegame\obj\debug\inputmanager.obj
c:\users\usuario\desktop\pg20gabriel_advoop_a3\arcadegame\obj\debug\gameui.obj
c:\users\usuario\desktop\pg20gabriel_advoop_a3\arcadegame\obj\debug\game.obj
c:\users\usuario\desktop\pg20gabriel_advoop_a3\arcadegame\obj\debug\eventsystem.obj
c:\users\usuario\desktop\pg20gabriel_advoop_a3\arcadegame\obj\debug\componentbase.obj
c:\users\usuario\desktop\pg20gabriel_advoop_a3\arcadegame\obj\debug\collidercomponent.obj
c:\users\usuario\desktop\pg20gabriel_advoop_a3\arcadegame\obj\debug\bullet.obj
c:\users\usuario\desktop\pg20gabriel_advoop_a3\arcadegame\obj\debug\asteroidmanager.obj
c:\users\usuario\desktop\pg20gabriel_advoop_a3\arcadegame\obj\debug\asteroid.obj
c:\users\usuario\desktop\pg20gabriel_advoop_a3\arcadegame\obj\debug\actorhandle.obj
c:\users\usuario\desktop\pg20gabriel_advoop_a3\arcadegame\obj\debug\actorfactory.obj
c:\users\usuario\desktop\pg20gabriel_advoop_a3\arcadegame\obj\debug\actor.obj
c:\users\usuario\desktop\pg20gabriel_advoop_a3\arcadegame\bin\game.ilk
c:\users\usuario\desktop\pg20gabriel_advoop_a3\arcadegame\bin\game.exe
c:\users\usuario\desktop\pg20gabriel_advoop_a3\arcadegame\bin\game.pdb
c:\users\usuario\desktop\pg20gabriel_advoop_a3\arcadegame\obj\debug\game.tlog\cl.command.1.tlog
c:\users\usuario\desktop\pg20gabriel_advoop_a3\arcadegame\obj\debug\game.tlog\cl.read.1.tlog
c:\users\usuario\desktop\pg20gabriel_advoop_a3\arcadegame\obj\debug\game.tlog\cl.write.1.tlog
c:\users\usuario\desktop\pg20gabriel_advoop_a3\arcadegame\obj\debug\game.tlog\link.command.1.tlog
c:\users\usuario\desktop\pg20gabriel_advoop_a3\arcadegame\obj\debug\game.tlog\link.read.1.tlog
c:\users\usuario\desktop\pg20gabriel_advoop_a3\arcadegame\obj\debug\game.tlog\link.write.1.tlog
